Confusion Matrix:
     T    I    D    N    G    S    B  ...    E    V    Y    Q    U    K    Z
T  686    0    3    0    0    0    0  ...    2    0   52    0    0    0    2
I    0  648    0    0    0    3    0  ...    2    0    0    0    0    0    1
D    5    5  707   23   14    2   10  ...    0    1    4   10    4   11    1
N    0    0    3  686    0    0    1  ...    0    3    2    0   28    0    0
G    5    1    0    0  642   10    0  ...   23    1    6   23    4    0    0
S   12    6    0    0   11  625    5  ...    9    0    3    1    0    0   35
B    7   34   40    3   18   32  707  ...   10   19    3   19    9   15   20
A    1    1    6    1    8   12    0  ...    0    1    0    3    1    0    1
J    0   17    1    0    0    0    0  ...    0    0    1    0    0    0    2
M    0    0    3   19    2    1   10  ...    1   11   10    0   38   11    0
X    4    2    3    0    7    5    3  ...   12    0    6    0    1    8    4
O    2    0    6   12    5    3    1  ...    0    2    1   51   13    0    0
R    0    7   18   10    4    5    9  ...    1    5    0    3    1   35    7
F   11    8    1    1    0   11    4  ...    2    5   18    0    0    1   13
C    1    6    1    1    8    1    0  ...    9    0    0    0    2    6    0
H    1    0   12    8    1    7    5  ...    0    2    1    2    4   36    3
W    0    0    0   14    9    1    1  ...    0   32    3    2    0    0    0
L    0    0    1    0    0    1    0  ...   10    0    0    0    0    0    3
P    0    9    0    0    2    1    1  ...    0    3   10    0    0    0    0
E   12    3    0    0    9    9    2  ...  660    1    0    1    6   11   30
V    4    0    0    2    0    3    1  ...    0  669   26    2    7    0    0
Y   18    0    0    0    0    0    1  ...    0    3  601    0    1    0    1
Q    4    8    0    0   21   10    3  ...   16    1   33  664   25    0   18
U    8    0    0    1    0    0    0  ...    1    3    5    0  655    0    0
K   12    0    0    2   12    2    1  ...    3    2    0    0   14  605    0
Z    3    0    0    0    0    4    1  ...    7    0    1    2    0    0  593

[26 rows x 26 columns]

Overall Accuracy:
0.85025

Overall Error:
0.14975

Average Accuracy:
0.85025

Average Error:
0.14975000000000005