Confusion Matrix:
     T    I    D    N    G    S    B  ...    E    V    Y    Q    U    K    Z
T  688    3    4    0    2    5    0  ...    0    4   28    1    1    2    4
I    2  669    3    0    0    5    1  ...    4    0    4    2    0    0    4
D    1    4  675   22    3    8   14  ...    0    0    3    5    4    5    5
N    1    0   18  688    5    0    3  ...    0    3    1    2   18    2    0
G    5    4    9    1  608    7   13  ...   22    3    4   12    2    4    1
S   11    7    3    0    9  604   16  ...   19    3    3    7    1    2   18
B    1    5   11    2    5   22  594  ...    2   11    3    5    2    4    6
A    4    2    2    2    6    3    2  ...    1    4    5    6    1    4    1
J    3   24    0    2    4    6    3  ...    0    1    6    2    1    1    6
M    0    0    0   10    4    0    2  ...    1    4    2    2   11    5    0
X    9    3    6    1    5    6    1  ...   12    0    1    6    0   15    5
O    0    0   20    5   13    4    6  ...    2    3    1   33    9    0    0
R    5    1    9    8    5    6   35  ...    6    1    0    9    0   28    1
F   13   13    5    1    1   14    6  ...    2    4   11    2    6    2    5
C    3    0    0    2   14    6    0  ...   13    0    3   10    2    4    1
H    2    1   22   14    9    6   12  ...    3    5    1    6   12   20    1
W    2    0    0    4    0    0    0  ...    0   14    3    0    2    1    0
L    2    1    1    1    4    6    3  ...    7    0    2    1    0    2    1
P    3    7    5    2    4    5    7  ...    0    1    2    2    1    1    1
E    6    2    2    0   26   14    4  ...  645    1    3   13    1   14    9
V    5    0    0    3    3    2   14  ...    2  692   14    2    3    0    0
Y   20    1    0    0    7    0    8  ...    1    6  677    3    1    0    3
Q    3    3    3    0   26    8    6  ...   11    1    1  640    2    3    9
U    1    0    4   13    1    0    2  ...    1    2    6    1  732    2    0
K    2    2    3    2    7    2    7  ...    7    1    0    0    1  618    4
Z    4    3    0    0    2    9    7  ...    7    0    2   11    0    0  649

[26 rows x 26 columns]

Overall Accuracy:
0.8551

Overall Error:
0.1449

Average Accuracy:
0.8551002617885907

Average Error:
0.14489973821140925