Confusion Matrix:
     T    I    D    N    G    S    B  ...    E    V    Y    Q    U    K    Z
T  775    0    0    0    0    2    0  ...    1    0    4    0    0    0    0
I    0  726    0    0    0    0    0  ...    0    0    0    0    0    0    0
D    2    1  780    8    8    1    1  ...    0    0    0    2    0    1    0
N    0    0    4  745    0    0    2  ...    0    1    0    0    1    0    0
G    0    0    2    0  740    0    1  ...   10    0    0    2    0    2    0
S    1    0    0    0    2  737    2  ...    2    0    0    0    0    0    2
B    2    0    3    1    2    1  734  ...    1   11    1    0    1    4    0
A    0    0    0    2    0    0    0  ...    0    0    2    1    2    0    0
J    1   22    0    0    0    0    0  ...    0    0    0    0    0    0    0
M    0    0    0    1    0    0    0  ...    0    1    0    0    1    0    0
X    0    0    1    0    1    0    4  ...    2    0    1    0    0   12    0
O    0    0    3    6    3    0    0  ...    0    2    0   20    0    1    0
R    0    0    2    8    0    2    4  ...    0    0    0    0    0   14    0
F    1    3    0    0    0    0    0  ...    0    2    0    0    0    0    0
C    1    1    0    0    3    0    0  ...    4    1    0    0    0    0    0
H    1    0    7    5    2    0    5  ...    1    0    0    0    3   18    0
W    0    0    0    0    1    0    0  ...    0    3    1    0    0    0    0
L    0    1    0    0    0    0    0  ...    2    0    0    0    0    0    0
P    0    0    1    0    0    0    0  ...    0    2    0    1    0    0    0
E    0    1    1    0    9    3    1  ...  734    0    0    1    0    4    2
V    1    0    0    6    2    0    8  ...    1  739    2    0    0    0    0
Y   10    0    0    0    0    0    0  ...    0    2  773    1    0    0    0
Q    0    0    1    1    0    0    0  ...    3    0    1  755    0    0    8
U    1    0    0    0    0    1    2  ...    0    0    1    0  804    0    0
K    0    0    0    0    0    0    1  ...    0    0    0    0    1  683    0
Z    0    0    0    0    0    1    1  ...    7    0    0    0    0    0  722

[26 rows x 26 columns]

Overall Accuracy:
0.96295

Overall Error:
0.03705

Average Accuracy:
0.96295

Average Error:
0.03704999999999999